[+] Containers:
 |- [+] Container: /Game/Developers/Ryan/ThirdPersonMapRYAN
 |   |- [+] ActorDescs:
 |   |   |- Guid:013B5E5841F7C30004AAB28039B1A778 BaseClass: NativeClass:/Script/Engine.StaticMeshActor Name:StaticMeshActor_51 Label:SM_QuarterCylinder2 SpatiallyLoaded:1 Bounds:IsValid=true, Min=(X=2500.000 Y=2600.000 Z=0.000), Max=(X=2600.000 Y=2700.000 Z=200.000) RuntimeGrid:None EditorOnly:0 RuntimeOnly:0 HLODRelevant:1 ListedInSceneOutliner:1 IsMainWorldOnly:0 FolderPath:Block02 FolderGuid:5DDF0B274F9C8B2C5DABA1999B167516
 |   |   |- Guid:030CF3844F4F86B918BF55BABB296DBA BaseClass: NativeClass:/Script/Engine.StaticMeshActor Name:StaticMeshActor_44 Label:SM_Cube7 SpatiallyLoaded:1 Bounds:IsValid=true, Min=(X=1300.000 Y=2200.000 Z=0.000), Max=(X=1500.000 Y=2300.000 Z=200.000) RuntimeGrid:None EditorOnly:0 RuntimeOnly:0 HLODRelevant:1 ListedInSceneOutliner:1 IsMainWorldOnly:0 FolderPath:Block01 FolderGuid:98087B8444A89373CC4763B3845E270A
 |   |   |- Guid:032643434652706271B0E08A9D06F6F5 BaseClass: NativeClass:/Script/Engine.StaticMeshActor Name:StaticMeshActor_50 Label:SM_QuarterCylinder SpatiallyLoaded:1 Bounds:IsValid=true, Min=(X=2500.000 Y=2800.000 Z=0.000), Max=(X=2600.000 Y=2900.000 Z=200.000) RuntimeGrid:None EditorOnly:0 RuntimeOnly:0 HLODRelevant:1 ListedInSceneOutliner:1 IsMainWorldOnly:0 FolderPath:Block02 FolderGuid:5DDF0B274F9C8B2C5DABA1999B167516
 |   |   |- Guid:03BD4EAB4F3032C465091486552BA1DA BaseClass: NativeClass:/Script/Engine.StaticMeshActor Name:StaticMeshActor_40 Label:SM_ChamferCube2 SpatiallyLoaded:1 Bounds:IsValid=true, Min=(X=992.077 Y=2692.077 Z=0.013), Max=(X=1107.923 Y=2807.923 Z=100.013) RuntimeGrid:None EditorOnly:0 RuntimeOnly:0 HLODRelevant:0 ListedInSceneOutliner:1 IsMainWorldOnly:0
 |   |   |- Guid:04D34D1740298BCEC1AAF1A2E30A735B BaseClass:/Game/Developers/Ryan/Blueprints/BP_ScaleTest.BP_ScaleTest_C NativeClass:/Script/Engine.Actor Name:BP_ScaleTest_C_UAID_50EBF6B583D5331302_1465301536 Label:BP_ScaleTest SpatiallyLoaded:1 Bounds:IsValid=true, Min=(X=564.250 Y=-4133.084 Z=1366.103), Max=(X=1564.250 Y=-3133.084 Z=2366.103) RuntimeGrid:None EditorOnly:0 RuntimeOnly:0 HLODRelevant:0 ListedInSceneOutliner:1 IsMainWorldOnly:0
 |   |   |- Guid:07544BE643BB61E6195C35BE4F2DE0A4 BaseClass: NativeClass:/Script/Engine.StaticMeshActor Name:StaticMeshActor_33 Label:SM_Cube SpatiallyLoaded:1 Bounds:IsValid=true, Min=(X=0.000 Y=0.000 Z=-50.000), Max=(X=3000.000 Y=3500.000 Z=0.000) RuntimeGrid:None EditorOnly:0 RuntimeOnly:0 HLODRelevant:1 ListedInSceneOutliner:1 IsMainWorldOnly:0 FolderPath:Playground FolderGuid:8CD33C9A4E75AD59B95486AC740693D6
 |   |   |- Guid:0797B9E94973B300F75BC9A1B1121F89 BaseClass: NativeClass:/Script/Engine.DirectionalLight Name:DirectionalLight_1 Label:DirectionalLight SpatiallyLoaded:0 Bounds:Invalid RuntimeGrid:None EditorOnly:0 RuntimeOnly:0 HLODRelevant:0 ListedInSceneOutliner:1 IsMainWorldOnly:0 FolderPath:Lighting FolderGuid:08A10B054C95868C663DE39EE4343813
 |   |   |- Guid:086FF503402847777F5F35806BFB9757 BaseClass: NativeClass:/Script/Engine.StaticMeshActor Name:StaticMeshActor_58 Label:SM_QuarterCylinder11 SpatiallyLoaded:1 Bounds:IsValid=true, Min=(X=2200.000 Y=700.000 Z=0.000), Max=(X=2400.000 Y=900.000 Z=100.000) RuntimeGrid:None EditorOnly:0 RuntimeOnly:0 HLODRelevant:1 ListedInSceneOutliner:1 IsMainWorldOnly:0 FolderPath:Cylinder FolderGuid:ECA4956E419DA4E5BAB7F389537BCB14
 |   |   |- Guid:1EE6D31A47B7DEB2FC2E9197B802448B BaseClass: NativeClass:/Script/Engine.StaticMeshActor Name:StaticMeshActor_42 Label:SM_Cube5 SpatiallyLoaded:1 Bounds:IsValid=true, Min=(X=-0.000 Y=100.000 Z=0.000), Max=(X=100.000 Y=3400.000 Z=400.000) RuntimeGrid:None EditorOnly:0 RuntimeOnly:0 HLODRelevant:1 ListedInSceneOutliner:1 IsMainWorldOnly:0 FolderPath:Playground FolderGuid:8CD33C9A4E75AD59B95486AC740693D6
 |   |   |- Guid:221990FD4B20246611C91FAC7C5D28F8 BaseClass: NativeClass:/Script/Engine.SkyAtmosphere Name:SkyAtmosphere_1 Label:SkyAtmosphere SpatiallyLoaded:0 Bounds:IsValid=true, Min=(X=0.000 Y=0.000 Z=1020.000), Max=(X=0.000 Y=0.000 Z=1020.000) RuntimeGrid:None EditorOnly:0 RuntimeOnly:0 HLODRelevant:0 ListedInSceneOutliner:1 IsMainWorldOnly:0 FolderPath:Lighting FolderGuid:08A10B054C95868C663DE39EE4343813
 |   |   |- Guid:307D060D479B97AA8EEA38A3AB3FCE7F BaseClass: NativeClass:/Script/Engine.StaticMeshActor Name:StaticMeshActor_37 Label:SM_Cube3 SpatiallyLoaded:1 Bounds:IsValid=true, Min=(X=0.000 Y=3400.000 Z=0.000), Max=(X=3000.000 Y=3500.000 Z=400.000) RuntimeGrid:None EditorOnly:0 RuntimeOnly:0 HLODRelevant:1 ListedInSceneOutliner:1 IsMainWorldOnly:0 FolderPath:Playground FolderGuid:8CD33C9A4E75AD59B95486AC740693D6
 |   |   |- Guid:32FF96FD4AD3EA9895C61AA37EFE9384 BaseClass: NativeClass:/Script/Engine.StaticMeshActor Name:StaticMeshActor_49 Label:SM_Cube11 SpatiallyLoaded:1 Bounds:IsValid=true, Min=(X=400.000 Y=2600.000 Z=0.000), Max=(X=700.000 Y=2900.000 Z=200.000) RuntimeGrid:None EditorOnly:0 RuntimeOnly:0 HLODRelevant:1 ListedInSceneOutliner:1 IsMainWorldOnly:0 FolderPath:Block03 FolderGuid:8CD3949449A9ED1D3F209CA69A64B60F
 |   |   |- Guid:47490F6B403705BADAD2F183765185CF BaseClass: NativeClass:/Script/Engine.StaticMeshActor Name:StaticMeshActor_UAID_A4AE111137DC5EFB00_1594956423 Label:SM_SkySphere SpatiallyLoaded:0 Bounds:IsValid=true, Min=(X=-1638400.000 Y=-1638400.000 Z=-1638400.000), Max=(X=1638400.000 Y=1638400.000 Z=1638400.000) RuntimeGrid:None EditorOnly:0 RuntimeOnly:0 HLODRelevant:0 ListedInSceneOutliner:1 IsMainWorldOnly:0 FolderPath:Lighting FolderGuid:08A10B054C95868C663DE39EE4343813
 |   |   |- Guid:48AD54FD4B63FDF33990C09F91F320C4 BaseClass: NativeClass:/Script/Engine.StaticMeshActor Name:StaticMeshActor_53 Label:SM_QuarterCylinder3 SpatiallyLoaded:1 Bounds:IsValid=true, Min=(X=1500.000 Y=2200.000 Z=0.000), Max=(X=1600.000 Y=2300.000 Z=200.000) RuntimeGrid:None EditorOnly:0 RuntimeOnly:0 HLODRelevant:1 ListedInSceneOutliner:1 IsMainWorldOnly:0 FolderPath:Block01 FolderGuid:98087B8444A89373CC4763B3845E270A
 |   |   |- Guid:5722053D4F6048DE4C6CE1AD9317DEBC BaseClass: NativeClass:/Script/Engine.StaticMeshActor Name:StaticMeshActor_38 Label:SM_Cube4 SpatiallyLoaded:1 Bounds:IsValid=true, Min=(X=1200.000 Y=1700.000 Z=0.000), Max=(X=1800.000 Y=2200.000 Z=200.000) RuntimeGrid:None EditorOnly:0 RuntimeOnly:0 HLODRelevant:1 ListedInSceneOutliner:1 IsMainWorldOnly:0 FolderPath:Block01 FolderGuid:98087B8444A89373CC4763B3845E270A
 |   |   |- Guid:584FBB2143B2E7FA60345FAEE301AF0B BaseClass: NativeClass:/Script/Engine.StaticMeshActor Name:StaticMeshActor_52 Label:SM_Cube12 SpatiallyLoaded:1 Bounds:IsValid=true, Min=(X=2500.000 Y=2700.000 Z=0.000), Max=(X=2600.000 Y=2800.000 Z=200.000) RuntimeGrid:None EditorOnly:0 RuntimeOnly:0 HLODRelevant:1 ListedInSceneOutliner:1 IsMainWorldOnly:0 FolderPath:Block02 FolderGuid:5DDF0B274F9C8B2C5DABA1999B167516
 |   |   |- Guid:5B03CABE496C66A31DCAFCA900D38FB1 BaseClass:/Game/Developers/Ryan/Blueprints/BP_ThirdPersonCharacterRYANTEST2.BP_ThirdPersonCharacterRYANTEST2_C NativeClass:/Script/GMTK_2024.GMTK_2024Character Name:BP_ThirdPersonCharacterRYANTEST2_C_UAID_50EBF6B583D5291302_1925303776 Label:BP_ThirdPersonCharacterRYANTEST2 SpatiallyLoaded:1 Bounds:IsValid=true, Min=(X=725.000 Y=1155.000 Z=-0.149), Max=(X=797.592 Y=1225.000 Z=180.332) RuntimeGrid:None EditorOnly:0 RuntimeOnly:0 HLODRelevant:0 ListedInSceneOutliner:1 IsMainWorldOnly:0
 |   |   |- Guid:5FC93FD640310A23D7F2A2B704A5B098 BaseClass: NativeClass:/Script/Engine.StaticMeshActor Name:StaticMeshActor_34 Label:SM_ChamferCube SpatiallyLoaded:1 Bounds:IsValid=true, Min=(X=1100.000 Y=2000.000 Z=0.013), Max=(X=1200.000 Y=2100.000 Z=100.013) RuntimeGrid:None EditorOnly:0 RuntimeOnly:0 HLODRelevant:0 ListedInSceneOutliner:1 IsMainWorldOnly:0
 |   |   |- Guid:680FCAA64ADB24D8A047A6B39852D38A BaseClass: NativeClass:/Script/Engine.TextRenderActor Name:TextRenderActor_1 Label:TextRenderActor SpatiallyLoaded:1 Bounds:IsValid=true, Min=(X=-0.100 Y=1100.000 Z=65.013), Max=(X=-0.100 Y=2392.308 Z=215.013) RuntimeGrid:None EditorOnly:0 RuntimeOnly:0 HLODRelevant:0 ListedInSceneOutliner:1 IsMainWorldOnly:0
 |   |   |- Guid:6815AEA248D507D12993689005B3C8B8 BaseClass: NativeClass:/Script/Engine.PlayerStart Name:PlayerStart_0 Label:PlayerStart SpatiallyLoaded:0 Bounds:IsValid=true, Min=(X=860.000 Y=2592.578 Z=1613.030), Max=(X=940.000 Y=2672.578 Z=1797.030) RuntimeGrid:None EditorOnly:0 RuntimeOnly:0 HLODRelevant:0 ListedInSceneOutliner:1 IsMainWorldOnly:0
 |   |   |- Guid:6A5E0597413668460E723D91521C9CB5 BaseClass: NativeClass:/Script/Engine.PostProcessVolume Name:PostProcessVolume_0 Label:PostProcessVolume SpatiallyLoaded:0 Bounds:IsValid=true, Min=(X=0.000 Y=0.000 Z=400.000), Max=(X=200.000 Y=200.000 Z=600.000) RuntimeGrid:None EditorOnly:0 RuntimeOnly:0 HLODRelevant:0 ListedInSceneOutliner:1 IsMainWorldOnly:0 FolderPath:Lighting FolderGuid:08A10B054C95868C663DE39EE4343813
 |   |   |- Guid:713F5CF04A4995A50FB100930B2195F0 BaseClass: NativeClass:/Script/Engine.VolumetricCloud Name:VolumetricCloud_1 Label:VolumetricCloud SpatiallyLoaded:0 Bounds:IsValid=true, Min=(X=0.000 Y=0.000 Z=820.000), Max=(X=0.000 Y=0.000 Z=820.000) RuntimeGrid:None EditorOnly:0 RuntimeOnly:0 HLODRelevant:0 ListedInSceneOutliner:1 IsMainWorldOnly:0 FolderPath:Lighting FolderGuid:08A10B054C95868C663DE39EE4343813
 |   |   |- Guid:71CC40BC4535B2CAC070548561698037 BaseClass: NativeClass:/Script/Engine.StaticMeshActor Name:StaticMeshActor_48 Label:SM_Cube10 SpatiallyLoaded:1 Bounds:IsValid=true, Min=(X=1800.000 Y=2100.000 Z=100.000), Max=(X=2000.000 Y=2200.000 Z=200.000) RuntimeGrid:None EditorOnly:0 RuntimeOnly:0 HLODRelevant:1 ListedInSceneOutliner:1 IsMainWorldOnly:0 FolderPath:Block01 FolderGuid:98087B8444A89373CC4763B3845E270A
 |   |   |- Guid:778BC5F1470B6FF7C27DF6BB5D872B3C BaseClass: NativeClass:/Script/Engine.ExponentialHeightFog Name:ExponentialHeightFog_1 Label:ExponentialHeightFog SpatiallyLoaded:0 Bounds:IsValid=true, Min=(X=-5600.000 Y=-50.000 Z=-6850.000), Max=(X=-5600.000 Y=-50.000 Z=-6850.000) RuntimeGrid:None EditorOnly:0 RuntimeOnly:0 HLODRelevant:0 ListedInSceneOutliner:1 IsMainWorldOnly:0 FolderPath:Lighting FolderGuid:08A10B054C95868C663DE39EE4343813
 |   |   |- Guid:77EDE84B4A63C3E6770FEAB766218736 BaseClass: NativeClass:/Script/Engine.StaticMeshActor Name:StaticMeshActor_41 Label:SM_ChamferCube3 SpatiallyLoaded:1 Bounds:IsValid=true, Min=(X=481.699 Y=2271.699 Z=0.013), Max=(X=618.301 Y=2408.301 Z=100.013) RuntimeGrid:None EditorOnly:0 RuntimeOnly:0 HLODRelevant:0 ListedInSceneOutliner:1 IsMainWorldOnly:0
 |   |   |- Guid:7D8278E24CF0DB32D29FA1BAAC4CC1AB BaseClass: NativeClass:/Script/Engine.StaticMeshActor Name:StaticMeshActor_47 Label:SM_Ramp3 SpatiallyLoaded:1 Bounds:IsValid=true, Min=(X=1800.000 Y=1700.000 Z=100.000), Max=(X=2000.000 Y=2100.000 Z=200.000) RuntimeGrid:None EditorOnly:0 RuntimeOnly:0 HLODRelevant:1 ListedInSceneOutliner:1 IsMainWorldOnly:0 FolderPath:Block01 FolderGuid:98087B8444A89373CC4763B3845E270A
 |   |   |- Guid:83CD2BF446CB2D4EC336C3908645CA4E BaseClass:/Game/Developers/Ryan/Blueprints/BP_ThirdPersonCharacterRYANTEST1.BP_ThirdPersonCharacterRYANTEST1_C NativeClass:/Script/GMTK_2024.GMTK_2024Character Name:BP_ThirdPersonCharacterRYANTEST1_C_UAID_50EBF6B583D5291302_2064680777 Label:BP_ThirdPersonCharacterRYANTEST1 SpatiallyLoaded:1 Bounds:IsValid=true, Min=(X=765.000 Y=2651.137 Z=1599.387), Max=(X=837.592 Y=2721.137 Z=1779.867) RuntimeGrid:None EditorOnly:0 RuntimeOnly:0 HLODRelevant:0 ListedInSceneOutliner:1 IsMainWorldOnly:0
 |   |   |- Guid:866F318C4747EBCD59AC8C90AA992370 BaseClass: NativeClass:/Script/Engine.StaticMeshActor Name:StaticMeshActor_46 Label:SM_Cube9 SpatiallyLoaded:1 Bounds:IsValid=true, Min=(X=1800.000 Y=1500.000 Z=0.000), Max=(X=2000.000 Y=2200.000 Z=100.000) RuntimeGrid:None EditorOnly:0 RuntimeOnly:0 HLODRelevant:1 ListedInSceneOutliner:1 IsMainWorldOnly:0 FolderPath:Block01 FolderGuid:98087B8444A89373CC4763B3845E270A
 |   |   |- Guid:8C01C88E41876A0D3BD14FBA0A4B5D2B BaseClass: NativeClass:/Script/Engine.StaticMeshActor Name:StaticMeshActor_56 Label:SM_Cube13 SpatiallyLoaded:1 Bounds:IsValid=true, Min=(X=300.000 Y=2700.000 Z=0.000), Max=(X=400.000 Y=2800.000 Z=200.000) RuntimeGrid:None EditorOnly:0 RuntimeOnly:0 HLODRelevant:1 ListedInSceneOutliner:1 IsMainWorldOnly:0 FolderPath:Block03 FolderGuid:8CD3949449A9ED1D3F209CA69A64B60F
 |   |   |- Guid:98792B4C4C3A0FE7A2B997B8CFF68D10 BaseClass: NativeClass:/Script/Engine.StaticMeshActor Name:StaticMeshActor_57 Label:SM_QuarterCylinder6 SpatiallyLoaded:1 Bounds:IsValid=true, Min=(X=1200.000 Y=2200.000 Z=0.000), Max=(X=1300.000 Y=2300.000 Z=200.000) RuntimeGrid:None EditorOnly:0 RuntimeOnly:0 HLODRelevant:1 ListedInSceneOutliner:1 IsMainWorldOnly:0 FolderPath:Block01 FolderGuid:98087B8444A89373CC4763B3845E270A
 |   |   |- Guid:9FA8462D403C43574716C683F1C4F228 BaseClass: NativeClass:/Script/Engine.StaticMeshActor Name:StaticMeshActor_60 Label:SM_QuarterCylinder13 SpatiallyLoaded:1 Bounds:IsValid=true, Min=(X=2000.000 Y=500.000 Z=0.000), Max=(X=2200.000 Y=700.000 Z=100.000) RuntimeGrid:None EditorOnly:0 RuntimeOnly:0 HLODRelevant:1 ListedInSceneOutliner:1 IsMainWorldOnly:0 FolderPath:Cylinder FolderGuid:ECA4956E419DA4E5BAB7F389537BCB14
 |   |   |- Guid:A56771A1430D2ABE1F1FA8B2728DB241 BaseClass: NativeClass:/Script/Engine.StaticMeshActor Name:StaticMeshActor_61 Label:SM_QuarterCylinder14 SpatiallyLoaded:1 Bounds:IsValid=true, Min=(X=2200.000 Y=500.000 Z=0.000), Max=(X=2400.000 Y=700.000 Z=100.000) RuntimeGrid:None EditorOnly:0 RuntimeOnly:0 HLODRelevant:1 ListedInSceneOutliner:1 IsMainWorldOnly:0 FolderPath:Cylinder FolderGuid:ECA4956E419DA4E5BAB7F389537BCB14
 |   |   |- Guid:A617B1C743696A34ED3F5C9A59B7B291 BaseClass: NativeClass:/Script/Engine.StaticMeshActor Name:StaticMeshActor_55 Label:SM_QuarterCylinder5 SpatiallyLoaded:1 Bounds:IsValid=true, Min=(X=300.000 Y=2800.000 Z=0.000), Max=(X=400.000 Y=2900.000 Z=200.000) RuntimeGrid:None EditorOnly:0 RuntimeOnly:0 HLODRelevant:1 ListedInSceneOutliner:1 IsMainWorldOnly:0 FolderPath:Block03 FolderGuid:8CD3949449A9ED1D3F209CA69A64B60F
 |   |   |- Guid:A67C017B4810C1F19D4E4F901949A17E BaseClass: NativeClass:/Script/Engine.StaticMeshActor Name:StaticMeshActor_54 Label:SM_QuarterCylinder4 SpatiallyLoaded:1 Bounds:IsValid=true, Min=(X=300.000 Y=2600.000 Z=0.000), Max=(X=400.000 Y=2700.000 Z=200.000) RuntimeGrid:None EditorOnly:0 RuntimeOnly:0 HLODRelevant:1 ListedInSceneOutliner:1 IsMainWorldOnly:0 FolderPath:Block03 FolderGuid:8CD3949449A9ED1D3F209CA69A64B60F
 |   |   |- Guid:A9668FA1442E910D018AD88693E58297 BaseClass: NativeClass:/Script/Engine.StaticMeshActor Name:StaticMeshActor_59 Label:SM_QuarterCylinder12 SpatiallyLoaded:1 Bounds:IsValid=true, Min=(X=2000.000 Y=700.000 Z=0.000), Max=(X=2200.000 Y=900.000 Z=100.000) RuntimeGrid:None EditorOnly:0 RuntimeOnly:0 HLODRelevant:1 ListedInSceneOutliner:1 IsMainWorldOnly:0 FolderPath:Cylinder FolderGuid:ECA4956E419DA4E5BAB7F389537BCB14
 |   |   |- Guid:B8828E3C4FF67854E7462E8438CF9A46 BaseClass: NativeClass:/Script/Engine.WorldDataLayers Name:WorldDataLayers Label:WorldDataLayers-1 SpatiallyLoaded:0 Bounds:Invalid RuntimeGrid:None EditorOnly:0 RuntimeOnly:0 HLODRelevant:0 ListedInSceneOutliner:1 IsMainWorldOnly:1
 |   |   |- Guid:C41152E143D4FEF9B4B8B9BCD1200741 BaseClass: NativeClass:/Script/Engine.StaticMeshActor Name:StaticMeshActor_43 Label:SM_Cube6 SpatiallyLoaded:1 Bounds:IsValid=true, Min=(X=2900.000 Y=100.000 Z=0.000), Max=(X=3000.000 Y=3400.000 Z=400.000) RuntimeGrid:None EditorOnly:0 RuntimeOnly:0 HLODRelevant:1 ListedInSceneOutliner:1 IsMainWorldOnly:0 FolderPath:Playground FolderGuid:8CD33C9A4E75AD59B95486AC740693D6
 |   |   |- Guid:CF3C40C040BD4EE590AB55B9FC504DC4 BaseClass: NativeClass:/Script/Engine.SkyLight Name:SkyLight_0 Label:SkyLight SpatiallyLoaded:0 Bounds:IsValid=true, Min=(X=0.000 Y=0.000 Z=690.000), Max=(X=0.000 Y=0.000 Z=690.000) RuntimeGrid:None EditorOnly:0 RuntimeOnly:0 HLODRelevant:0 ListedInSceneOutliner:1 IsMainWorldOnly:0 FolderPath:Lighting FolderGuid:08A10B054C95868C663DE39EE4343813
 |   |   |- Guid:D5D07735461957D0430440B2C38339C4 BaseClass: NativeClass:/Script/Engine.StaticMeshActor Name:StaticMeshActor_36 Label:SM_Cube2 SpatiallyLoaded:1 Bounds:IsValid=true, Min=(X=0.000 Y=0.000 Z=0.000), Max=(X=3000.000 Y=100.000 Z=400.000) RuntimeGrid:None EditorOnly:0 RuntimeOnly:0 HLODRelevant:1 ListedInSceneOutliner:1 IsMainWorldOnly:0 FolderPath:Playground FolderGuid:8CD33C9A4E75AD59B95486AC740693D6
 |   |   |- Guid:D66FCAF24F5DF59162FEA5B055345962 BaseClass: NativeClass:/Script/Engine.StaticMeshActor Name:StaticMeshActor_45 Label:SM_Cube8 SpatiallyLoaded:1 Bounds:IsValid=true, Min=(X=373.614 Y=2534.992 Z=1398.056), Max=(X=1573.614 Y=2834.992 Z=1598.056) RuntimeGrid:None EditorOnly:0 RuntimeOnly:0 HLODRelevant:1 ListedInSceneOutliner:1 IsMainWorldOnly:0 FolderPath:Block02 FolderGuid:5DDF0B274F9C8B2C5DABA1999B167516
 |   |   |- Guid:DC50EC6D4999FC9673D88FAEC1525C60 BaseClass: NativeClass:/Script/Engine.StaticMeshActor Name:StaticMeshActor_35 Label:SM_Ramp SpatiallyLoaded:1 Bounds:IsValid=true, Min=(X=1300.000 Y=600.000 Z=0.000), Max=(X=1700.000 Y=800.000 Z=30.000) RuntimeGrid:None EditorOnly:0 RuntimeOnly:0 HLODRelevant:1 ListedInSceneOutliner:1 IsMainWorldOnly:0
 |   |   |- Guid:F7DCD7914CCBB8F68940BEBC461DECD7 BaseClass: NativeClass:/Script/Engine.StaticMeshActor Name:StaticMeshActor_39 Label:SM_Ramp2 SpatiallyLoaded:1 Bounds:IsValid=true, Min=(X=1400.000 Y=1500.000 Z=0.000), Max=(X=1800.000 Y=1700.000 Z=100.000) RuntimeGrid:None EditorOnly:0 RuntimeOnly:0 HLODRelevant:1 ListedInSceneOutliner:1 IsMainWorldOnly:0 FolderPath:Block01 FolderGuid:98087B8444A89373CC4763B3845E270A
 |   |- [+] Clusters:
 |   |   |- [+] [  0]
 |   |   |   |- Guid:013B5E5841F7C30004AAB28039B1A778 BaseClass: NativeClass:/Script/Engine.StaticMeshActor Name:StaticMeshActor_51 Label:SM_QuarterCylinder2 SpatiallyLoaded:1 Bounds:IsValid=true, Min=(X=2500.000 Y=2600.000 Z=0.000), Max=(X=2600.000 Y=2700.000 Z=200.000) RuntimeGrid:None EditorOnly:0 RuntimeOnly:0 HLODRelevant:1 ListedInSceneOutliner:1 IsMainWorldOnly:0 FolderPath:Block02 FolderGuid:5DDF0B274F9C8B2C5DABA1999B167516
 |   |   |- [+] [  1]
 |   |   |   |- Guid:030CF3844F4F86B918BF55BABB296DBA BaseClass: NativeClass:/Script/Engine.StaticMeshActor Name:StaticMeshActor_44 Label:SM_Cube7 SpatiallyLoaded:1 Bounds:IsValid=true, Min=(X=1300.000 Y=2200.000 Z=0.000), Max=(X=1500.000 Y=2300.000 Z=200.000) RuntimeGrid:None EditorOnly:0 RuntimeOnly:0 HLODRelevant:1 ListedInSceneOutliner:1 IsMainWorldOnly:0 FolderPath:Block01 FolderGuid:98087B8444A89373CC4763B3845E270A
 |   |   |- [+] [  2]
 |   |   |   |- Guid:032643434652706271B0E08A9D06F6F5 BaseClass: NativeClass:/Script/Engine.StaticMeshActor Name:StaticMeshActor_50 Label:SM_QuarterCylinder SpatiallyLoaded:1 Bounds:IsValid=true, Min=(X=2500.000 Y=2800.000 Z=0.000), Max=(X=2600.000 Y=2900.000 Z=200.000) RuntimeGrid:None EditorOnly:0 RuntimeOnly:0 HLODRelevant:1 ListedInSceneOutliner:1 IsMainWorldOnly:0 FolderPath:Block02 FolderGuid:5DDF0B274F9C8B2C5DABA1999B167516
 |   |   |- [+] [  3]
 |   |   |   |- Guid:03BD4EAB4F3032C465091486552BA1DA BaseClass: NativeClass:/Script/Engine.StaticMeshActor Name:StaticMeshActor_40 Label:SM_ChamferCube2 SpatiallyLoaded:1 Bounds:IsValid=true, Min=(X=992.077 Y=2692.077 Z=0.013), Max=(X=1107.923 Y=2807.923 Z=100.013) RuntimeGrid:None EditorOnly:0 RuntimeOnly:0 HLODRelevant:0 ListedInSceneOutliner:1 IsMainWorldOnly:0
 |   |   |- [+] [  4]
 |   |   |   |- Guid:04D34D1740298BCEC1AAF1A2E30A735B BaseClass:/Game/Developers/Ryan/Blueprints/BP_ScaleTest.BP_ScaleTest_C NativeClass:/Script/Engine.Actor Name:BP_ScaleTest_C_UAID_50EBF6B583D5331302_1465301536 Label:BP_ScaleTest SpatiallyLoaded:1 Bounds:IsValid=true, Min=(X=564.250 Y=-4133.084 Z=1366.103), Max=(X=1564.250 Y=-3133.084 Z=2366.103) RuntimeGrid:None EditorOnly:0 RuntimeOnly:0 HLODRelevant:0 ListedInSceneOutliner:1 IsMainWorldOnly:0
 |   |   |- [+] [  5]
 |   |   |   |- Guid:07544BE643BB61E6195C35BE4F2DE0A4 BaseClass: NativeClass:/Script/Engine.StaticMeshActor Name:StaticMeshActor_33 Label:SM_Cube SpatiallyLoaded:1 Bounds:IsValid=true, Min=(X=0.000 Y=0.000 Z=-50.000), Max=(X=3000.000 Y=3500.000 Z=0.000) RuntimeGrid:None EditorOnly:0 RuntimeOnly:0 HLODRelevant:1 ListedInSceneOutliner:1 IsMainWorldOnly:0 FolderPath:Playground FolderGuid:8CD33C9A4E75AD59B95486AC740693D6
 |   |   |- [+] [  6]
 |   |   |   |- Guid:0797B9E94973B300F75BC9A1B1121F89 BaseClass: NativeClass:/Script/Engine.DirectionalLight Name:DirectionalLight_1 Label:DirectionalLight SpatiallyLoaded:0 Bounds:Invalid RuntimeGrid:None EditorOnly:0 RuntimeOnly:0 HLODRelevant:0 ListedInSceneOutliner:1 IsMainWorldOnly:0 FolderPath:Lighting FolderGuid:08A10B054C95868C663DE39EE4343813
 |   |   |- [+] [  7]
 |   |   |   |- Guid:086FF503402847777F5F35806BFB9757 BaseClass: NativeClass:/Script/Engine.StaticMeshActor Name:StaticMeshActor_58 Label:SM_QuarterCylinder11 SpatiallyLoaded:1 Bounds:IsValid=true, Min=(X=2200.000 Y=700.000 Z=0.000), Max=(X=2400.000 Y=900.000 Z=100.000) RuntimeGrid:None EditorOnly:0 RuntimeOnly:0 HLODRelevant:1 ListedInSceneOutliner:1 IsMainWorldOnly:0 FolderPath:Cylinder FolderGuid:ECA4956E419DA4E5BAB7F389537BCB14
 |   |   |- [+] [  8]
 |   |   |   |- Guid:1EE6D31A47B7DEB2FC2E9197B802448B BaseClass: NativeClass:/Script/Engine.StaticMeshActor Name:StaticMeshActor_42 Label:SM_Cube5 SpatiallyLoaded:1 Bounds:IsValid=true, Min=(X=-0.000 Y=100.000 Z=0.000), Max=(X=100.000 Y=3400.000 Z=400.000) RuntimeGrid:None EditorOnly:0 RuntimeOnly:0 HLODRelevant:1 ListedInSceneOutliner:1 IsMainWorldOnly:0 FolderPath:Playground FolderGuid:8CD33C9A4E75AD59B95486AC740693D6
 |   |   |- [+] [  9]
 |   |   |   |- Guid:221990FD4B20246611C91FAC7C5D28F8 BaseClass: NativeClass:/Script/Engine.SkyAtmosphere Name:SkyAtmosphere_1 Label:SkyAtmosphere SpatiallyLoaded:0 Bounds:IsValid=true, Min=(X=0.000 Y=0.000 Z=1020.000), Max=(X=0.000 Y=0.000 Z=1020.000) RuntimeGrid:None EditorOnly:0 RuntimeOnly:0 HLODRelevant:0 ListedInSceneOutliner:1 IsMainWorldOnly:0 FolderPath:Lighting FolderGuid:08A10B054C95868C663DE39EE4343813
 |   |   |- [+] [ 10]
 |   |   |   |- Guid:307D060D479B97AA8EEA38A3AB3FCE7F BaseClass: NativeClass:/Script/Engine.StaticMeshActor Name:StaticMeshActor_37 Label:SM_Cube3 SpatiallyLoaded:1 Bounds:IsValid=true, Min=(X=0.000 Y=3400.000 Z=0.000), Max=(X=3000.000 Y=3500.000 Z=400.000) RuntimeGrid:None EditorOnly:0 RuntimeOnly:0 HLODRelevant:1 ListedInSceneOutliner:1 IsMainWorldOnly:0 FolderPath:Playground FolderGuid:8CD33C9A4E75AD59B95486AC740693D6
 |   |   |- [+] [ 11]
 |   |   |   |- Guid:32FF96FD4AD3EA9895C61AA37EFE9384 BaseClass: NativeClass:/Script/Engine.StaticMeshActor Name:StaticMeshActor_49 Label:SM_Cube11 SpatiallyLoaded:1 Bounds:IsValid=true, Min=(X=400.000 Y=2600.000 Z=0.000), Max=(X=700.000 Y=2900.000 Z=200.000) RuntimeGrid:None EditorOnly:0 RuntimeOnly:0 HLODRelevant:1 ListedInSceneOutliner:1 IsMainWorldOnly:0 FolderPath:Block03 FolderGuid:8CD3949449A9ED1D3F209CA69A64B60F
 |   |   |- [+] [ 12]
 |   |   |   |- Guid:47490F6B403705BADAD2F183765185CF BaseClass: NativeClass:/Script/Engine.StaticMeshActor Name:StaticMeshActor_UAID_A4AE111137DC5EFB00_1594956423 Label:SM_SkySphere SpatiallyLoaded:0 Bounds:IsValid=true, Min=(X=-1638400.000 Y=-1638400.000 Z=-1638400.000), Max=(X=1638400.000 Y=1638400.000 Z=1638400.000) RuntimeGrid:None EditorOnly:0 RuntimeOnly:0 HLODRelevant:0 ListedInSceneOutliner:1 IsMainWorldOnly:0 FolderPath:Lighting FolderGuid:08A10B054C95868C663DE39EE4343813
 |   |   |- [+] [ 13]
 |   |   |   |- Guid:48AD54FD4B63FDF33990C09F91F320C4 BaseClass: NativeClass:/Script/Engine.StaticMeshActor Name:StaticMeshActor_53 Label:SM_QuarterCylinder3 SpatiallyLoaded:1 Bounds:IsValid=true, Min=(X=1500.000 Y=2200.000 Z=0.000), Max=(X=1600.000 Y=2300.000 Z=200.000) RuntimeGrid:None EditorOnly:0 RuntimeOnly:0 HLODRelevant:1 ListedInSceneOutliner:1 IsMainWorldOnly:0 FolderPath:Block01 FolderGuid:98087B8444A89373CC4763B3845E270A
 |   |   |- [+] [ 14]
 |   |   |   |- Guid:5722053D4F6048DE4C6CE1AD9317DEBC BaseClass: NativeClass:/Script/Engine.StaticMeshActor Name:StaticMeshActor_38 Label:SM_Cube4 SpatiallyLoaded:1 Bounds:IsValid=true, Min=(X=1200.000 Y=1700.000 Z=0.000), Max=(X=1800.000 Y=2200.000 Z=200.000) RuntimeGrid:None EditorOnly:0 RuntimeOnly:0 HLODRelevant:1 ListedInSceneOutliner:1 IsMainWorldOnly:0 FolderPath:Block01 FolderGuid:98087B8444A89373CC4763B3845E270A
 |   |   |- [+] [ 15]
 |   |   |   |- Guid:584FBB2143B2E7FA60345FAEE301AF0B BaseClass: NativeClass:/Script/Engine.StaticMeshActor Name:StaticMeshActor_52 Label:SM_Cube12 SpatiallyLoaded:1 Bounds:IsValid=true, Min=(X=2500.000 Y=2700.000 Z=0.000), Max=(X=2600.000 Y=2800.000 Z=200.000) RuntimeGrid:None EditorOnly:0 RuntimeOnly:0 HLODRelevant:1 ListedInSceneOutliner:1 IsMainWorldOnly:0 FolderPath:Block02 FolderGuid:5DDF0B274F9C8B2C5DABA1999B167516
 |   |   |- [+] [ 16]
 |   |   |   |- Guid:5B03CABE496C66A31DCAFCA900D38FB1 BaseClass:/Game/Developers/Ryan/Blueprints/BP_ThirdPersonCharacterRYANTEST2.BP_ThirdPersonCharacterRYANTEST2_C NativeClass:/Script/GMTK_2024.GMTK_2024Character Name:BP_ThirdPersonCharacterRYANTEST2_C_UAID_50EBF6B583D5291302_1925303776 Label:BP_ThirdPersonCharacterRYANTEST2 SpatiallyLoaded:1 Bounds:IsValid=true, Min=(X=725.000 Y=1155.000 Z=-0.149), Max=(X=797.592 Y=1225.000 Z=180.332) RuntimeGrid:None EditorOnly:0 RuntimeOnly:0 HLODRelevant:0 ListedInSceneOutliner:1 IsMainWorldOnly:0
 |   |   |- [+] [ 17]
 |   |   |   |- Guid:5FC93FD640310A23D7F2A2B704A5B098 BaseClass: NativeClass:/Script/Engine.StaticMeshActor Name:StaticMeshActor_34 Label:SM_ChamferCube SpatiallyLoaded:1 Bounds:IsValid=true, Min=(X=1100.000 Y=2000.000 Z=0.013), Max=(X=1200.000 Y=2100.000 Z=100.013) RuntimeGrid:None EditorOnly:0 RuntimeOnly:0 HLODRelevant:0 ListedInSceneOutliner:1 IsMainWorldOnly:0
 |   |   |- [+] [ 18]
 |   |   |   |- Guid:680FCAA64ADB24D8A047A6B39852D38A BaseClass: NativeClass:/Script/Engine.TextRenderActor Name:TextRenderActor_1 Label:TextRenderActor SpatiallyLoaded:1 Bounds:IsValid=true, Min=(X=-0.100 Y=1100.000 Z=65.013), Max=(X=-0.100 Y=2392.308 Z=215.013) RuntimeGrid:None EditorOnly:0 RuntimeOnly:0 HLODRelevant:0 ListedInSceneOutliner:1 IsMainWorldOnly:0
 |   |   |- [+] [ 19]
 |   |   |   |- Guid:6815AEA248D507D12993689005B3C8B8 BaseClass: NativeClass:/Script/Engine.PlayerStart Name:PlayerStart_0 Label:PlayerStart SpatiallyLoaded:0 Bounds:IsValid=true, Min=(X=860.000 Y=2592.578 Z=1613.030), Max=(X=940.000 Y=2672.578 Z=1797.030) RuntimeGrid:None EditorOnly:0 RuntimeOnly:0 HLODRelevant:0 ListedInSceneOutliner:1 IsMainWorldOnly:0
 |   |   |- [+] [ 20]
 |   |   |   |- Guid:6A5E0597413668460E723D91521C9CB5 BaseClass: NativeClass:/Script/Engine.PostProcessVolume Name:PostProcessVolume_0 Label:PostProcessVolume SpatiallyLoaded:0 Bounds:IsValid=true, Min=(X=0.000 Y=0.000 Z=400.000), Max=(X=200.000 Y=200.000 Z=600.000) RuntimeGrid:None EditorOnly:0 RuntimeOnly:0 HLODRelevant:0 ListedInSceneOutliner:1 IsMainWorldOnly:0 FolderPath:Lighting FolderGuid:08A10B054C95868C663DE39EE4343813
 |   |   |- [+] [ 21]
 |   |   |   |- Guid:713F5CF04A4995A50FB100930B2195F0 BaseClass: NativeClass:/Script/Engine.VolumetricCloud Name:VolumetricCloud_1 Label:VolumetricCloud SpatiallyLoaded:0 Bounds:IsValid=true, Min=(X=0.000 Y=0.000 Z=820.000), Max=(X=0.000 Y=0.000 Z=820.000) RuntimeGrid:None EditorOnly:0 RuntimeOnly:0 HLODRelevant:0 ListedInSceneOutliner:1 IsMainWorldOnly:0 FolderPath:Lighting FolderGuid:08A10B054C95868C663DE39EE4343813
 |   |   |- [+] [ 22]
 |   |   |   |- Guid:71CC40BC4535B2CAC070548561698037 BaseClass: NativeClass:/Script/Engine.StaticMeshActor Name:StaticMeshActor_48 Label:SM_Cube10 SpatiallyLoaded:1 Bounds:IsValid=true, Min=(X=1800.000 Y=2100.000 Z=100.000), Max=(X=2000.000 Y=2200.000 Z=200.000) RuntimeGrid:None EditorOnly:0 RuntimeOnly:0 HLODRelevant:1 ListedInSceneOutliner:1 IsMainWorldOnly:0 FolderPath:Block01 FolderGuid:98087B8444A89373CC4763B3845E270A
 |   |   |- [+] [ 23]
 |   |   |   |- Guid:778BC5F1470B6FF7C27DF6BB5D872B3C BaseClass: NativeClass:/Script/Engine.ExponentialHeightFog Name:ExponentialHeightFog_1 Label:ExponentialHeightFog SpatiallyLoaded:0 Bounds:IsValid=true, Min=(X=-5600.000 Y=-50.000 Z=-6850.000), Max=(X=-5600.000 Y=-50.000 Z=-6850.000) RuntimeGrid:None EditorOnly:0 RuntimeOnly:0 HLODRelevant:0 ListedInSceneOutliner:1 IsMainWorldOnly:0 FolderPath:Lighting FolderGuid:08A10B054C95868C663DE39EE4343813
 |   |   |- [+] [ 24]
 |   |   |   |- Guid:77EDE84B4A63C3E6770FEAB766218736 BaseClass: NativeClass:/Script/Engine.StaticMeshActor Name:StaticMeshActor_41 Label:SM_ChamferCube3 SpatiallyLoaded:1 Bounds:IsValid=true, Min=(X=481.699 Y=2271.699 Z=0.013), Max=(X=618.301 Y=2408.301 Z=100.013) RuntimeGrid:None EditorOnly:0 RuntimeOnly:0 HLODRelevant:0 ListedInSceneOutliner:1 IsMainWorldOnly:0
 |   |   |- [+] [ 25]
 |   |   |   |- Guid:7D8278E24CF0DB32D29FA1BAAC4CC1AB BaseClass: NativeClass:/Script/Engine.StaticMeshActor Name:StaticMeshActor_47 Label:SM_Ramp3 SpatiallyLoaded:1 Bounds:IsValid=true, Min=(X=1800.000 Y=1700.000 Z=100.000), Max=(X=2000.000 Y=2100.000 Z=200.000) RuntimeGrid:None EditorOnly:0 RuntimeOnly:0 HLODRelevant:1 ListedInSceneOutliner:1 IsMainWorldOnly:0 FolderPath:Block01 FolderGuid:98087B8444A89373CC4763B3845E270A
 |   |   |- [+] [ 26]
 |   |   |   |- Guid:83CD2BF446CB2D4EC336C3908645CA4E BaseClass:/Game/Developers/Ryan/Blueprints/BP_ThirdPersonCharacterRYANTEST1.BP_ThirdPersonCharacterRYANTEST1_C NativeClass:/Script/GMTK_2024.GMTK_2024Character Name:BP_ThirdPersonCharacterRYANTEST1_C_UAID_50EBF6B583D5291302_2064680777 Label:BP_ThirdPersonCharacterRYANTEST1 SpatiallyLoaded:1 Bounds:IsValid=true, Min=(X=765.000 Y=2651.137 Z=1599.387), Max=(X=837.592 Y=2721.137 Z=1779.867) RuntimeGrid:None EditorOnly:0 RuntimeOnly:0 HLODRelevant:0 ListedInSceneOutliner:1 IsMainWorldOnly:0
 |   |   |- [+] [ 27]
 |   |   |   |- Guid:866F318C4747EBCD59AC8C90AA992370 BaseClass: NativeClass:/Script/Engine.StaticMeshActor Name:StaticMeshActor_46 Label:SM_Cube9 SpatiallyLoaded:1 Bounds:IsValid=true, Min=(X=1800.000 Y=1500.000 Z=0.000), Max=(X=2000.000 Y=2200.000 Z=100.000) RuntimeGrid:None EditorOnly:0 RuntimeOnly:0 HLODRelevant:1 ListedInSceneOutliner:1 IsMainWorldOnly:0 FolderPath:Block01 FolderGuid:98087B8444A89373CC4763B3845E270A
 |   |   |- [+] [ 28]
 |   |   |   |- Guid:8C01C88E41876A0D3BD14FBA0A4B5D2B BaseClass: NativeClass:/Script/Engine.StaticMeshActor Name:StaticMeshActor_56 Label:SM_Cube13 SpatiallyLoaded:1 Bounds:IsValid=true, Min=(X=300.000 Y=2700.000 Z=0.000), Max=(X=400.000 Y=2800.000 Z=200.000) RuntimeGrid:None EditorOnly:0 RuntimeOnly:0 HLODRelevant:1 ListedInSceneOutliner:1 IsMainWorldOnly:0 FolderPath:Block03 FolderGuid:8CD3949449A9ED1D3F209CA69A64B60F
 |   |   |- [+] [ 29]
 |   |   |   |- Guid:98792B4C4C3A0FE7A2B997B8CFF68D10 BaseClass: NativeClass:/Script/Engine.StaticMeshActor Name:StaticMeshActor_57 Label:SM_QuarterCylinder6 SpatiallyLoaded:1 Bounds:IsValid=true, Min=(X=1200.000 Y=2200.000 Z=0.000), Max=(X=1300.000 Y=2300.000 Z=200.000) RuntimeGrid:None EditorOnly:0 RuntimeOnly:0 HLODRelevant:1 ListedInSceneOutliner:1 IsMainWorldOnly:0 FolderPath:Block01 FolderGuid:98087B8444A89373CC4763B3845E270A
 |   |   |- [+] [ 30]
 |   |   |   |- Guid:9FA8462D403C43574716C683F1C4F228 BaseClass: NativeClass:/Script/Engine.StaticMeshActor Name:StaticMeshActor_60 Label:SM_QuarterCylinder13 SpatiallyLoaded:1 Bounds:IsValid=true, Min=(X=2000.000 Y=500.000 Z=0.000), Max=(X=2200.000 Y=700.000 Z=100.000) RuntimeGrid:None EditorOnly:0 RuntimeOnly:0 HLODRelevant:1 ListedInSceneOutliner:1 IsMainWorldOnly:0 FolderPath:Cylinder FolderGuid:ECA4956E419DA4E5BAB7F389537BCB14
 |   |   |- [+] [ 31]
 |   |   |   |- Guid:A56771A1430D2ABE1F1FA8B2728DB241 BaseClass: NativeClass:/Script/Engine.StaticMeshActor Name:StaticMeshActor_61 Label:SM_QuarterCylinder14 SpatiallyLoaded:1 Bounds:IsValid=true, Min=(X=2200.000 Y=500.000 Z=0.000), Max=(X=2400.000 Y=700.000 Z=100.000) RuntimeGrid:None EditorOnly:0 RuntimeOnly:0 HLODRelevant:1 ListedInSceneOutliner:1 IsMainWorldOnly:0 FolderPath:Cylinder FolderGuid:ECA4956E419DA4E5BAB7F389537BCB14
 |   |   |- [+] [ 32]
 |   |   |   |- Guid:A617B1C743696A34ED3F5C9A59B7B291 BaseClass: NativeClass:/Script/Engine.StaticMeshActor Name:StaticMeshActor_55 Label:SM_QuarterCylinder5 SpatiallyLoaded:1 Bounds:IsValid=true, Min=(X=300.000 Y=2800.000 Z=0.000), Max=(X=400.000 Y=2900.000 Z=200.000) RuntimeGrid:None EditorOnly:0 RuntimeOnly:0 HLODRelevant:1 ListedInSceneOutliner:1 IsMainWorldOnly:0 FolderPath:Block03 FolderGuid:8CD3949449A9ED1D3F209CA69A64B60F
 |   |   |- [+] [ 33]
 |   |   |   |- Guid:A67C017B4810C1F19D4E4F901949A17E BaseClass: NativeClass:/Script/Engine.StaticMeshActor Name:StaticMeshActor_54 Label:SM_QuarterCylinder4 SpatiallyLoaded:1 Bounds:IsValid=true, Min=(X=300.000 Y=2600.000 Z=0.000), Max=(X=400.000 Y=2700.000 Z=200.000) RuntimeGrid:None EditorOnly:0 RuntimeOnly:0 HLODRelevant:1 ListedInSceneOutliner:1 IsMainWorldOnly:0 FolderPath:Block03 FolderGuid:8CD3949449A9ED1D3F209CA69A64B60F
 |   |   |- [+] [ 34]
 |   |   |   |- Guid:A9668FA1442E910D018AD88693E58297 BaseClass: NativeClass:/Script/Engine.StaticMeshActor Name:StaticMeshActor_59 Label:SM_QuarterCylinder12 SpatiallyLoaded:1 Bounds:IsValid=true, Min=(X=2000.000 Y=700.000 Z=0.000), Max=(X=2200.000 Y=900.000 Z=100.000) RuntimeGrid:None EditorOnly:0 RuntimeOnly:0 HLODRelevant:1 ListedInSceneOutliner:1 IsMainWorldOnly:0 FolderPath:Cylinder FolderGuid:ECA4956E419DA4E5BAB7F389537BCB14
 |   |   |- [+] [ 35]
 |   |   |   |- Guid:B8828E3C4FF67854E7462E8438CF9A46 BaseClass: NativeClass:/Script/Engine.WorldDataLayers Name:WorldDataLayers Label:WorldDataLayers-1 SpatiallyLoaded:0 Bounds:Invalid RuntimeGrid:None EditorOnly:0 RuntimeOnly:0 HLODRelevant:0 ListedInSceneOutliner:1 IsMainWorldOnly:1
 |   |   |- [+] [ 36]
 |   |   |   |- Guid:C41152E143D4FEF9B4B8B9BCD1200741 BaseClass: NativeClass:/Script/Engine.StaticMeshActor Name:StaticMeshActor_43 Label:SM_Cube6 SpatiallyLoaded:1 Bounds:IsValid=true, Min=(X=2900.000 Y=100.000 Z=0.000), Max=(X=3000.000 Y=3400.000 Z=400.000) RuntimeGrid:None EditorOnly:0 RuntimeOnly:0 HLODRelevant:1 ListedInSceneOutliner:1 IsMainWorldOnly:0 FolderPath:Playground FolderGuid:8CD33C9A4E75AD59B95486AC740693D6
 |   |   |- [+] [ 37]
 |   |   |   |- Guid:CF3C40C040BD4EE590AB55B9FC504DC4 BaseClass: NativeClass:/Script/Engine.SkyLight Name:SkyLight_0 Label:SkyLight SpatiallyLoaded:0 Bounds:IsValid=true, Min=(X=0.000 Y=0.000 Z=690.000), Max=(X=0.000 Y=0.000 Z=690.000) RuntimeGrid:None EditorOnly:0 RuntimeOnly:0 HLODRelevant:0 ListedInSceneOutliner:1 IsMainWorldOnly:0 FolderPath:Lighting FolderGuid:08A10B054C95868C663DE39EE4343813
 |   |   |- [+] [ 38]
 |   |   |   |- Guid:D5D07735461957D0430440B2C38339C4 BaseClass: NativeClass:/Script/Engine.StaticMeshActor Name:StaticMeshActor_36 Label:SM_Cube2 SpatiallyLoaded:1 Bounds:IsValid=true, Min=(X=0.000 Y=0.000 Z=0.000), Max=(X=3000.000 Y=100.000 Z=400.000) RuntimeGrid:None EditorOnly:0 RuntimeOnly:0 HLODRelevant:1 ListedInSceneOutliner:1 IsMainWorldOnly:0 FolderPath:Playground FolderGuid:8CD33C9A4E75AD59B95486AC740693D6
 |   |   |- [+] [ 39]
 |   |   |   |- Guid:D66FCAF24F5DF59162FEA5B055345962 BaseClass: NativeClass:/Script/Engine.StaticMeshActor Name:StaticMeshActor_45 Label:SM_Cube8 SpatiallyLoaded:1 Bounds:IsValid=true, Min=(X=373.614 Y=2534.992 Z=1398.056), Max=(X=1573.614 Y=2834.992 Z=1598.056) RuntimeGrid:None EditorOnly:0 RuntimeOnly:0 HLODRelevant:1 ListedInSceneOutliner:1 IsMainWorldOnly:0 FolderPath:Block02 FolderGuid:5DDF0B274F9C8B2C5DABA1999B167516
 |   |   |- [+] [ 40]
 |   |   |   |- Guid:DC50EC6D4999FC9673D88FAEC1525C60 BaseClass: NativeClass:/Script/Engine.StaticMeshActor Name:StaticMeshActor_35 Label:SM_Ramp SpatiallyLoaded:1 Bounds:IsValid=true, Min=(X=1300.000 Y=600.000 Z=0.000), Max=(X=1700.000 Y=800.000 Z=30.000) RuntimeGrid:None EditorOnly:0 RuntimeOnly:0 HLODRelevant:1 ListedInSceneOutliner:1 IsMainWorldOnly:0
 |   |   |- [+] [ 41]
 |   |   |   |- Guid:F7DCD7914CCBB8F68940BEBC461DECD7 BaseClass: NativeClass:/Script/Engine.StaticMeshActor Name:StaticMeshActor_39 Label:SM_Ramp2 SpatiallyLoaded:1 Bounds:IsValid=true, Min=(X=1400.000 Y=1500.000 Z=0.000), Max=(X=1800.000 Y=1700.000 Z=100.000) RuntimeGrid:None EditorOnly:0 RuntimeOnly:0 HLODRelevant:1 ListedInSceneOutliner:1 IsMainWorldOnly:0 FolderPath:Block01 FolderGuid:98087B8444A89373CC4763B3845E270A
 |- ContainerInstances:
 |- [+] MainContainer:
 |   |-        ID: 00000000000000000000000000000000
 |   |-  ParentID: 00000000000000000000000000000000
 |   |-    Bounds: IsValid=false, Min=(X=0.000 Y=0.000 Z=0.000), Max=(X=0.000 Y=0.000 Z=0.000)
 |   |- Transform: 0.000000,0.000000,0.000000|0.000000,0.000000,-0.000000|1.000000,1.000000,1.000000
 |   |- Container: /Game/Developers/Ryan/ThirdPersonMapRYAN
----------------------------------------------------------------------------------------------------------------
ThirdPersonMapRYAN - Persistent Level
----------------------------------------------------------------------------------------------------------------
[+] Content of ThirdPersonMapRYAN Persistent Level
 |- Always loaded Actor Count: 42 
 |- Actor Path: /Game/Developers/Ryan/ThirdPersonMapRYAN.ThirdPersonMapRYAN:PersistentLevel.BP_ScaleTest_C_UAID_50EBF6B583D5331302_1465301536
 |- Actor Package: /Game/__ExternalActors__/Developers/Ryan/ThirdPersonMapRYAN/E/SC/8F2457HXR6ZU1ANVLQ71OZ
 |- Actor Path: /Game/Developers/Ryan/ThirdPersonMapRYAN.ThirdPersonMapRYAN:PersistentLevel.BP_ThirdPersonCharacterRYANTEST1_C_UAID_50EBF6B583D5291302_2064680777
 |- Actor Package: /Game/__ExternalActors__/Developers/Ryan/ThirdPersonMapRYAN/E/OJ/074LRQ5FC5WSAAVQLJIO3I
 |- Actor Path: /Game/Developers/Ryan/ThirdPersonMapRYAN.ThirdPersonMapRYAN:PersistentLevel.BP_ThirdPersonCharacterRYANTEST2_C_UAID_50EBF6B583D5291302_1925303776
 |- Actor Package: /Game/__ExternalActors__/Developers/Ryan/ThirdPersonMapRYAN/7/VS/84FIXZ9XXKWIHR3MUYN1DY
 |- Actor Path: /Game/Developers/Ryan/ThirdPersonMapRYAN.ThirdPersonMapRYAN:PersistentLevel.DirectionalLight_1
 |- Actor Package: /Game/__ExternalActors__/Developers/Ryan/ThirdPersonMapRYAN/D/I7/BYAAQHCG5KYMC0WJYATOO8
 |- Actor Path: /Game/Developers/Ryan/ThirdPersonMapRYAN.ThirdPersonMapRYAN:PersistentLevel.ExponentialHeightFog_1
 |- Actor Package: /Game/__ExternalActors__/Developers/Ryan/ThirdPersonMapRYAN/0/JX/OT3ACJ0FAQ8AOUWXQXUPA1
 |- Actor Path: /Game/Developers/Ryan/ThirdPersonMapRYAN.ThirdPersonMapRYAN:PersistentLevel.PlayerStart_0
 |- Actor Package: /Game/__ExternalActors__/Developers/Ryan/ThirdPersonMapRYAN/3/WU/Z39F322F7PMOF4PJAU7F4R
 |- Actor Path: /Game/Developers/Ryan/ThirdPersonMapRYAN.ThirdPersonMapRYAN:PersistentLevel.PostProcessVolume_0
 |- Actor Package: /Game/__ExternalActors__/Developers/Ryan/ThirdPersonMapRYAN/E/AU/FYJ7C1D52HQZEX5QBNNCWR
 |- Actor Path: /Game/Developers/Ryan/ThirdPersonMapRYAN.ThirdPersonMapRYAN:PersistentLevel.SkyAtmosphere_1
 |- Actor Package: /Game/__ExternalActors__/Developers/Ryan/ThirdPersonMapRYAN/B/WQ/CY4MLNN9G9DGY3WUVK0AGJ
 |- Actor Path: /Game/Developers/Ryan/ThirdPersonMapRYAN.ThirdPersonMapRYAN:PersistentLevel.SkyLight_0
 |- Actor Package: /Game/__ExternalActors__/Developers/Ryan/ThirdPersonMapRYAN/E/N0/74HTNMXGK5696RSK5KHQE8
 |- Actor Path: /Game/Developers/Ryan/ThirdPersonMapRYAN.ThirdPersonMapRYAN:PersistentLevel.StaticMeshActor_33
 |- Actor Package: /Game/__ExternalActors__/Developers/Ryan/ThirdPersonMapRYAN/3/DY/RCU5E1YSAFMRDK9NXWIGX5
 |- Actor Path: /Game/Developers/Ryan/ThirdPersonMapRYAN.ThirdPersonMapRYAN:PersistentLevel.StaticMeshActor_34
 |- Actor Package: /Game/__ExternalActors__/Developers/Ryan/ThirdPersonMapRYAN/B/A9/EVR79DD757Y7J7Q4MGBPQQ
 |- Actor Path: /Game/Developers/Ryan/ThirdPersonMapRYAN.ThirdPersonMapRYAN:PersistentLevel.StaticMeshActor_35
 |- Actor Package: /Game/__ExternalActors__/Developers/Ryan/ThirdPersonMapRYAN/4/94/3F8QOW1X6LAX58Q9QF7JHS
 |- Actor Path: /Game/Developers/Ryan/ThirdPersonMapRYAN.ThirdPersonMapRYAN:PersistentLevel.StaticMeshActor_36
 |- Actor Package: /Game/__ExternalActors__/Developers/Ryan/ThirdPersonMapRYAN/6/A5/B5GQMH13NDK1FF3TVJB79E
 |- Actor Path: /Game/Developers/Ryan/ThirdPersonMapRYAN.ThirdPersonMapRYAN:PersistentLevel.StaticMeshActor_37
 |- Actor Package: /Game/__ExternalActors__/Developers/Ryan/ThirdPersonMapRYAN/6/J0/HFHASV3G7IZRXKK1YR82RS
 |- Actor Path: /Game/Developers/Ryan/ThirdPersonMapRYAN.ThirdPersonMapRYAN:PersistentLevel.StaticMeshActor_38
 |- Actor Package: /Game/__ExternalActors__/Developers/Ryan/ThirdPersonMapRYAN/6/F0/M9GUKHCM9BADAOC6SIUL07
 |- Actor Path: /Game/Developers/Ryan/ThirdPersonMapRYAN.ThirdPersonMapRYAN:PersistentLevel.StaticMeshActor_39
 |- Actor Package: /Game/__ExternalActors__/Developers/Ryan/ThirdPersonMapRYAN/6/FJ/FDR2VWX0I3HU1VFZR5XBCD
 |- Actor Path: /Game/Developers/Ryan/ThirdPersonMapRYAN.ThirdPersonMapRYAN:PersistentLevel.StaticMeshActor_40
 |- Actor Package: /Game/__ExternalActors__/Developers/Ryan/ThirdPersonMapRYAN/E/L5/FW5CMVY8GBFNVDXOEUYBVK
 |- Actor Path: /Game/Developers/Ryan/ThirdPersonMapRYAN.ThirdPersonMapRYAN:PersistentLevel.StaticMeshActor_41
 |- Actor Package: /Game/__ExternalActors__/Developers/Ryan/ThirdPersonMapRYAN/1/6M/P00DEDUAPL8F7RA77W2QEC
 |- Actor Path: /Game/Developers/Ryan/ThirdPersonMapRYAN.ThirdPersonMapRYAN:PersistentLevel.StaticMeshActor_42
 |- Actor Package: /Game/__ExternalActors__/Developers/Ryan/ThirdPersonMapRYAN/3/D4/2YS0BM3GY7ZB0KL7ZIXEXR
 |- Actor Path: /Game/Developers/Ryan/ThirdPersonMapRYAN.ThirdPersonMapRYAN:PersistentLevel.StaticMeshActor_43
 |- Actor Package: /Game/__ExternalActors__/Developers/Ryan/ThirdPersonMapRYAN/E/8T/SGB00RDOL04VQDCTN33R8B
 |- Actor Path: /Game/Developers/Ryan/ThirdPersonMapRYAN.ThirdPersonMapRYAN:PersistentLevel.StaticMeshActor_44
 |- Actor Package: /Game/__ExternalActors__/Developers/Ryan/ThirdPersonMapRYAN/0/NF/CFD3Y3X5W9BETVWKM04MLS
 |- Actor Path: /Game/Developers/Ryan/ThirdPersonMapRYAN.ThirdPersonMapRYAN:PersistentLevel.StaticMeshActor_45
 |- Actor Package: /Game/__ExternalActors__/Developers/Ryan/ThirdPersonMapRYAN/8/JA/Y7H8FEAE3GBO1N9B991ZIG
 |- Actor Path: /Game/Developers/Ryan/ThirdPersonMapRYAN.ThirdPersonMapRYAN:PersistentLevel.StaticMeshActor_46
 |- Actor Package: /Game/__ExternalActors__/Developers/Ryan/ThirdPersonMapRYAN/6/BV/AWW0QD37YP5XRF1CB6Z3A6
 |- Actor Path: /Game/Developers/Ryan/ThirdPersonMapRYAN.ThirdPersonMapRYAN:PersistentLevel.StaticMeshActor_47
 |- Actor Package: /Game/__ExternalActors__/Developers/Ryan/ThirdPersonMapRYAN/E/HK/IK4OFE1PWPMAWOTA3EHGCJ
 |- Actor Path: /Game/Developers/Ryan/ThirdPersonMapRYAN.ThirdPersonMapRYAN:PersistentLevel.StaticMeshActor_48
 |- Actor Package: /Game/__ExternalActors__/Developers/Ryan/ThirdPersonMapRYAN/8/V5/V9D246NRDELXLS8SK6U35G
 |- Actor Path: /Game/Developers/Ryan/ThirdPersonMapRYAN.ThirdPersonMapRYAN:PersistentLevel.StaticMeshActor_49
 |- Actor Package: /Game/__ExternalActors__/Developers/Ryan/ThirdPersonMapRYAN/3/ML/2VIXVYH06AV0STJV4XAENV
 |- Actor Path: /Game/Developers/Ryan/ThirdPersonMapRYAN.ThirdPersonMapRYAN:PersistentLevel.StaticMeshActor_50
 |- Actor Package: /Game/__ExternalActors__/Developers/Ryan/ThirdPersonMapRYAN/2/DQ/3QN08P7XXUKN0MXWZGKQXO
 |- Actor Path: /Game/Developers/Ryan/ThirdPersonMapRYAN.ThirdPersonMapRYAN:PersistentLevel.StaticMeshActor_51
 |- Actor Package: /Game/__ExternalActors__/Developers/Ryan/ThirdPersonMapRYAN/0/4E/7NTK35CGPIV93645WRWA5Y
 |- Actor Path: /Game/Developers/Ryan/ThirdPersonMapRYAN.ThirdPersonMapRYAN:PersistentLevel.StaticMeshActor_52
 |- Actor Package: /Game/__ExternalActors__/Developers/Ryan/ThirdPersonMapRYAN/C/IU/UGQU4D2SNZVNZ14ASV2YY1
 |- Actor Path: /Game/Developers/Ryan/ThirdPersonMapRYAN.ThirdPersonMapRYAN:PersistentLevel.StaticMeshActor_53
 |- Actor Package: /Game/__ExternalActors__/Developers/Ryan/ThirdPersonMapRYAN/6/EG/968USDT0QH6RHIO2FOXA6S
 |- Actor Path: /Game/Developers/Ryan/ThirdPersonMapRYAN.ThirdPersonMapRYAN:PersistentLevel.StaticMeshActor_54
 |- Actor Package: /Game/__ExternalActors__/Developers/Ryan/ThirdPersonMapRYAN/2/5Y/QZQ1I44YMTC09GZPP51RJ1
 |- Actor Path: /Game/Developers/Ryan/ThirdPersonMapRYAN.ThirdPersonMapRYAN:PersistentLevel.StaticMeshActor_55
 |- Actor Package: /Game/__ExternalActors__/Developers/Ryan/ThirdPersonMapRYAN/D/OB/FF3KBK4CJEZ23ME5FKUR50
 |- Actor Path: /Game/Developers/Ryan/ThirdPersonMapRYAN.ThirdPersonMapRYAN:PersistentLevel.StaticMeshActor_56
 |- Actor Package: /Game/__ExternalActors__/Developers/Ryan/ThirdPersonMapRYAN/E/JE/DI5555IBHVQSNTVBIL6X2C
 |- Actor Path: /Game/Developers/Ryan/ThirdPersonMapRYAN.ThirdPersonMapRYAN:PersistentLevel.StaticMeshActor_57
 |- Actor Package: /Game/__ExternalActors__/Developers/Ryan/ThirdPersonMapRYAN/4/UZ/7F7CUNDVF3HDOEGUKGWUO4
 |- Actor Path: /Game/Developers/Ryan/ThirdPersonMapRYAN.ThirdPersonMapRYAN:PersistentLevel.StaticMeshActor_58
 |- Actor Package: /Game/__ExternalActors__/Developers/Ryan/ThirdPersonMapRYAN/1/75/V9ERFBC2PAJJB130T5MIP8
 |- Actor Path: /Game/Developers/Ryan/ThirdPersonMapRYAN.ThirdPersonMapRYAN:PersistentLevel.StaticMeshActor_59
 |- Actor Package: /Game/__ExternalActors__/Developers/Ryan/ThirdPersonMapRYAN/7/PB/ROEBKBZ9XFZZSYTFPNUECW
 |- Actor Path: /Game/Developers/Ryan/ThirdPersonMapRYAN.ThirdPersonMapRYAN:PersistentLevel.StaticMeshActor_60
 |- Actor Package: /Game/__ExternalActors__/Developers/Ryan/ThirdPersonMapRYAN/D/B8/GN47EZBFTOSYEIS0GU5196
 |- Actor Path: /Game/Developers/Ryan/ThirdPersonMapRYAN.ThirdPersonMapRYAN:PersistentLevel.StaticMeshActor_61
 |- Actor Package: /Game/__ExternalActors__/Developers/Ryan/ThirdPersonMapRYAN/9/X4/C6FU69A5C96IHF4FK4UM25
 |- Actor Path: /Game/Developers/Ryan/ThirdPersonMapRYAN.ThirdPersonMapRYAN:PersistentLevel.StaticMeshActor_UAID_A4AE111137DC5EFB00_1594956423
 |- Actor Package: /Game/__ExternalActors__/Developers/Ryan/ThirdPersonMapRYAN/4/76/1VRQV5ENQU9BDVP0TTVE0T
 |- Actor Path: /Game/Developers/Ryan/ThirdPersonMapRYAN.ThirdPersonMapRYAN:PersistentLevel.TextRenderActor_1
 |- Actor Package: /Game/__ExternalActors__/Developers/Ryan/ThirdPersonMapRYAN/0/EJ/R4CUNMP28CQAVD7S5D6KZT
 |- Actor Path: /Game/Developers/Ryan/ThirdPersonMapRYAN.ThirdPersonMapRYAN:PersistentLevel.VolumetricCloud_1
 |- Actor Package: /Game/__ExternalActors__/Developers/Ryan/ThirdPersonMapRYAN/1/L8/SS8603R5DVMWQS56T6BPZ5
 |- Actor Path: /Game/Developers/Ryan/ThirdPersonMapRYAN.ThirdPersonMapRYAN:PersistentLevel.WorldDataLayers
 |- Actor Package: /Game/__ExternalActors__/Developers/Ryan/ThirdPersonMapRYAN/B/15/7CXHCRTG58J1X38A2THDT0

----------------------------------------------------------------------------------------------------------------
ThirdPersonMapRYAN - Runtime Hash Set
----------------------------------------------------------------------------------------------------------------

